Arguments: 
  /Users/makinoguchi/.nodebrew/node/v15.5.0/bin/node /usr/local/Cellar/yarn/1.5.1_1/libexec/bin/yarn.js start

PATH: 
  /Users/makinoguchi/.rbenv/shims:/Users/makinoguchi/.rbenv/bin:/Users/makinoguchi/.nodebrew/current/bin:/usr/local/bin:/usr/bin:/bin:/usr/sbin:/sbin:/Library/Apple/usr/bin:/Users/makinoguchi/.rbenv/shims:/Users/makinoguchi/.rbenv/bin:/Users/makinoguchi/.nodebrew/current/bin:/Users/makinoguchi/.rvm/bin:/Users/makinoguchi/.rvm/bin

Yarn version: 
  1.5.1

Node version: 
  15.5.0

Platform: 
  darwin x64

npm manifest: 
  No manifest

yarn manifest: 
  No manifest

Lockfile: 
  No lockfile

Trace: 
  Error: Couldn't find a package.json file in "/Users/makinoguchi/_localhost/_htmldocs/dev/react_practice.git"
      at new MessageError (/usr/local/Cellar/yarn/1.5.1_1/libexec/lib/cli.js:186:110)
      at /usr/local/Cellar/yarn/1.5.1_1/libexec/lib/cli.js:40048:15
      at Generator.next (<anonymous>)
      at step (/usr/local/Cellar/yarn/1.5.1_1/libexec/lib/cli.js:98:30)
      at /usr/local/Cellar/yarn/1.5.1_1/libexec/lib/cli.js:109:13
